<?xml version="1.0" encoding="UTF-8"?>
<testsuite xmlns:xsi="http://www.w3.org/2001/XMLSchema-instance" xsi:noNamespaceSchemaLocation="https://maven.apache.org/surefire/maven-surefire-plugin/xsd/surefire-test-report.xsd" version="3.0.2" name="com.example.qsolog.api.controller.PingControllerTest" time="0.711" tests="1" errors="0" skipped="0" failures="0">
  <properties>
[...]
</properties>
  <testcase name="ping_shouldReturnOk" classname="com.example.qsolog.api.controller.PingControllerTest" time="0.113">
    <system-out><![CDATA[2026-01-29T18:35:18.463+01:00  INFO 60090 --- [qsolog-backend] [           main] t.c.s.AnnotationConfigContextLoaderUtils : Could not detect default configuration classes for test class [com.example.qsolog.api.controller.PingControllerTest]: PingControllerTest does not declare any static, non-private, non-final, nested classes annotated with @Configuration.
2026-01-29T18:35:18.476+01:00  INFO 60090 --- [qsolog-backend] [           main] .b.t.c.SpringBootTestContextBootstrapper : Found @SpringBootConfiguration com.example.qsolog.QsoLogApplication for test class com.example.qsolog.api.controller.PingControllerTest
2026-01-29T18:35:18.479+01:00  INFO 60090 --- [qsolog-backend] [           main] o.s.b.d.r.RestartApplicationListener     : Restart disabled due to context in which it is running

  .   ____          _            __ _ _
 /\\ / ___'_ __ _ _(_)_ __  __ _ \ \ \ \
( ( )\___ | '_ | '_| | '_ \/ _` | \ \ \ \
 \\/  ___)| |_)| | | | | || (_| |  ) ) ) )
  '  |____| .__|_| |_|_| |_\__, | / / / /
 =========|_|==============|___/=/_/_/_/

 :: Spring Boot ::                (v3.4.1)

2026-01-29T18:35:18.492+01:00  INFO 60090 --- [qsolog-backend] [           main] c.e.q.api.controller.PingControllerTest  : Starting PingControllerTest using Java 25.0.1 with PID 60090 (started by maciek in /Users/maciek/10xDevs/radio-app/backend)
2026-01-29T18:35:18.493+01:00 DEBUG 60090 --- [qsolog-backend] [           main] c.e.q.api.controller.PingControllerTest  : Running with Spring Boot v3.4.1, Spring v6.2.1
2026-01-29T18:35:18.493+01:00  INFO 60090 --- [qsolog-backend] [           main] c.e.q.api.controller.PingControllerTest  : No active profile set, falling back to 1 default profile: "default"
2026-01-29T18:35:18.614+01:00  INFO 60090 --- [qsolog-backend] [           main] .s.d.r.c.RepositoryConfigurationDelegate : Bootstrapping Spring Data R2DBC repositories in DEFAULT mode.
2026-01-29T18:35:18.619+01:00  INFO 60090 --- [qsolog-backend] [           main] .s.d.r.c.RepositoryConfigurationDelegate : Finished Spring Data repository scanning in 4 ms. Found 0 R2DBC repository interfaces.
2026-01-29T18:35:18.723+01:00 DEBUG 60090 --- [qsolog-backend] [           main] s.w.r.r.m.a.RequestMappingHandlerMapping : 5 mappings in 'requestMappingHandlerMapping'
2026-01-29T18:35:18.724+01:00 DEBUG 60090 --- [qsolog-backend] [           main] o.s.w.r.handler.SimpleUrlHandlerMapping  : Patterns [/webjars/**, /**] in 'resourceHandlerMapping'
2026-01-29T18:35:18.741+01:00  INFO 60090 --- [qsolog-backend] [           main] o.s.b.a.e.web.EndpointLinksResolver      : Exposing 2 endpoints beneath base path '/actuator'
2026-01-29T18:35:18.744+01:00 DEBUG 60090 --- [qsolog-backend] [           main] o.s.w.r.r.m.a.ControllerMethodResolver   : ControllerAdvice beans: 0 @ModelAttribute, 0 @InitBinder, 1 @ExceptionHandler
2026-01-29T18:35:18.746+01:00 DEBUG 60090 --- [qsolog-backend] [           main] o.s.w.s.adapter.HttpWebHandlerAdapter    : enableLoggingRequestDetails='false': form data and headers will be masked to prevent unsafe logging of potentially sensitive data
2026-01-29T18:35:18.778+01:00 DEBUG 60090 --- [qsolog-backend] [           main] o.s.w.s.adapter.HttpWebHandlerAdapter    : enableLoggingRequestDetails='false': form data and headers will be masked to prevent unsafe logging of potentially sensitive data
2026-01-29T18:35:19.053+01:00  INFO 60090 --- [qsolog-backend] [           main] o.s.b.web.embedded.netty.NettyWebServer  : Netty started on port 49827 (http)
2026-01-29T18:35:19.058+01:00  INFO 60090 --- [qsolog-backend] [           main] c.e.q.api.controller.PingControllerTest  : Started PingControllerTest in 0.58 seconds (process running for 3.803)
2026-01-29T18:35:19.073+01:00 DEBUG 60090 --- [qsolog-backend] [           main] o.s.w.r.f.client.ExchangeFunctions       : [2f541f60] HTTP GET /api/v1/ping
2026-01-29T18:35:19.085+01:00 DEBUG 60090 --- [qsolog-backend] [     parallel-3] o.s.w.s.adapter.HttpWebHandlerAdapter    : [2ea1bd05] HTTP GET "/api/v1/ping"
2026-01-29T18:35:19.106+01:00 DEBUG 60090 --- [qsolog-backend] [     parallel-4] o.s.w.s.s.DefaultWebSessionManager       : Created new WebSession.
2026-01-29T18:35:19.108+01:00 DEBUG 60090 --- [qsolog-backend] [     parallel-4] o.s.s.w.s.u.m.OrServerWebExchangeMatcher : Trying to match using PathMatcherServerWebExchangeMatcher{pattern='/logout', method=POST}
2026-01-29T18:35:19.109+01:00 DEBUG 60090 --- [qsolog-backend] [     parallel-4] athPatternParserServerWebExchangeMatcher : Request 'GET /api/v1/ping' doesn't match 'POST /logout'
2026-01-29T18:35:19.109+01:00 DEBUG 60090 --- [qsolog-backend] [     parallel-4] o.s.s.w.s.u.m.OrServerWebExchangeMatcher : No matches found
2026-01-29T18:35:19.112+01:00 DEBUG 60090 --- [qsolog-backend] [     parallel-4] a.DelegatingReactiveAuthorizationManager : Checking authorization on '/api/v1/ping' using org.springframework.security.config.web.server.ServerHttpSecurity$AuthorizeExchangeSpec$Access$$Lambda/0x000001f001528ae0@7a63c3c8
2026-01-29T18:35:19.114+01:00 DEBUG 60090 --- [qsolog-backend] [     parallel-4] o.s.s.w.s.a.AuthorizationWebFilter       : Authorization successful
2026-01-29T18:35:19.117+01:00 DEBUG 60090 --- [qsolog-backend] [     parallel-4] s.w.r.r.m.a.RequestMappingHandlerMapping : [2ea1bd05] Mapped to com.example.qsolog.api.controller.PingController#ping()
2026-01-29T18:35:19.128+01:00 DEBUG 60090 --- [qsolog-backend] [     parallel-4] o.s.w.r.r.m.a.ResponseBodyResultHandler  : [2ea1bd05] Using 'application/json' given [*/*] and supported [application/json, application/*+json, application/x-ndjson, text/event-stream]
2026-01-29T18:35:19.128+01:00 DEBUG 60090 --- [qsolog-backend] [     parallel-4] o.s.w.r.r.m.a.ResponseBodyResultHandler  : [2ea1bd05] 0..1 [java.util.Map<java.lang.String, java.lang.String>]
2026-01-29T18:35:19.133+01:00 DEBUG 60090 --- [qsolog-backend] [     parallel-4] org.springframework.web.HttpLogging      : [2ea1bd05] Encoding [{status=ok}]
2026-01-29T18:35:19.142+01:00 DEBUG 60090 --- [qsolog-backend] [     parallel-4] o.s.w.s.adapter.HttpWebHandlerAdapter    : [2ea1bd05] Completed 200 OK
2026-01-29T18:35:19.143+01:00 DEBUG 60090 --- [qsolog-backend] [     parallel-4] o.s.w.r.f.client.ExchangeFunctions       : [2f541f60] [4dbf6391] Response 200 OK
2026-01-29T18:35:19.152+01:00 DEBUG 60090 --- [qsolog-backend] [           main] org.springframework.web.HttpLogging      : [2f541f60] [4dbf6391] Read 15 bytes
]]></system-out>
  </testcase>
</testsuite>